<?xml version="1.0" encoding="UTF-8"?>
<testsuite name="com.kotlinspring.controller.GreetingControllerUnitTest" tests="1" skipped="0" failures="0" errors="0" timestamp="2021-12-22T02:12:52" hostname="C02W3AW9HTD6" time="0.018">
  <properties/>
  <testcase name="retrieveGreeting()" classname="com.kotlinspring.controller.GreetingControllerUnitTest" time="0.018"/>
  <system-out><![CDATA[2021-12-21 20:12:51.890  INFO 81828 --- [    Test worker] .b.t.a.w.s.WebMvcTestContextBootstrapper : Neither @ContextConfiguration nor @ContextHierarchy found for test class [com.kotlinspring.controller.GreetingControllerUnitTest], using SpringBootContextLoader
2021-12-21 20:12:51.891  INFO 81828 --- [    Test worker] o.s.t.c.support.AbstractContextLoader    : Could not detect default resource locations for test class [com.kotlinspring.controller.GreetingControllerUnitTest]: no resource found for suffixes {-context.xml, Context.groovy}.
2021-12-21 20:12:51.891  INFO 81828 --- [    Test worker] t.c.s.AnnotationConfigContextLoaderUtils : Could not detect default configuration classes for test class [com.kotlinspring.controller.GreetingControllerUnitTest]: GreetingControllerUnitTest does not declare any static, non-private, non-final, nested classes annotated with @Configuration.
2021-12-21 20:12:51.894  INFO 81828 --- [    Test worker] .b.t.c.SpringBootTestContextBootstrapper : Found @SpringBootConfiguration com.kotlinspring.CourseCatalogServiceApplication for test class com.kotlinspring.controller.GreetingControllerUnitTest
2021-12-21 20:12:51.895  INFO 81828 --- [    Test worker] .b.t.a.w.s.WebMvcTestContextBootstrapper : Loaded default TestExecutionListener class names from location [META-INF/spring.factories]: [com.ninjasquad.springmockk.MockkTestExecutionListener, com.ninjasquad.springmockk.ClearMocksTestExecutionListener, org.springframework.boot.test.autoconfigure.restdocs.RestDocsTestExecutionListener, org.springframework.boot.test.autoconfigure.web.client.MockRestServiceServerResetTestExecutionListener, org.springframework.boot.test.autoconfigure.web.servlet.MockMvcPrintOnlyOnFailureTestExecutionListener, org.springframework.boot.test.autoconfigure.web.servlet.WebDriverTestExecutionListener, org.springframework.boot.test.autoconfigure.webservices.client.MockWebServiceServerTestExecutionListener, org.springframework.boot.test.mock.mockito.MockitoTestExecutionListener, org.springframework.boot.test.mock.mockito.ResetMocksTestExecutionListener, org.springframework.test.context.web.ServletTestExecutionListener, org.springframework.test.context.support.DirtiesContextBeforeModesTestExecutionListener, org.springframework.test.context.event.ApplicationEventsTestExecutionListener, org.springframework.test.context.support.DependencyInjectionTestExecutionListener, org.springframework.test.context.support.DirtiesContextTestExecutionListener, org.springframework.test.context.transaction.TransactionalTestExecutionListener, org.springframework.test.context.jdbc.SqlScriptsTestExecutionListener, org.springframework.test.context.event.EventPublishingTestExecutionListener]
2021-12-21 20:12:51.896  INFO 81828 --- [    Test worker] .b.t.a.w.s.WebMvcTestContextBootstrapper : Using TestExecutionListeners: [org.springframework.test.context.web.ServletTestExecutionListener@e47da3, org.springframework.test.context.support.DirtiesContextBeforeModesTestExecutionListener@da6f509, org.springframework.test.context.event.ApplicationEventsTestExecutionListener@294be23, com.ninjasquad.springmockk.MockkTestExecutionListener@62f4b9cf, org.springframework.boot.test.mock.mockito.MockitoTestExecutionListener@41dec957, org.springframework.boot.test.autoconfigure.SpringBootDependencyInjectionTestExecutionListener@7bea62d8, org.springframework.test.context.support.DirtiesContextTestExecutionListener@5ca8be20, org.springframework.test.context.transaction.TransactionalTestExecutionListener@1bd55ebb, org.springframework.test.context.jdbc.SqlScriptsTestExecutionListener@2c76a8e7, org.springframework.test.context.event.EventPublishingTestExecutionListener@422e313, com.ninjasquad.springmockk.ClearMocksTestExecutionListener@1de20409, org.springframework.boot.test.autoconfigure.restdocs.RestDocsTestExecutionListener@2cf3b188, org.springframework.boot.test.autoconfigure.web.client.MockRestServiceServerResetTestExecutionListener@35db0561, org.springframework.boot.test.autoconfigure.web.servlet.MockMvcPrintOnlyOnFailureTestExecutionListener@26f252b2, org.springframework.boot.test.autoconfigure.web.servlet.WebDriverTestExecutionListener@2bbdc829, org.springframework.boot.test.autoconfigure.webservices.client.MockWebServiceServerTestExecutionListener@1af34327, org.springframework.boot.test.mock.mockito.ResetMocksTestExecutionListener@776ebd15]

  .   ____          _            __ _ _
 /\\ / ___'_ __ _ _(_)_ __  __ _ \ \ \ \
( ( )\___ | '_ | '_| | '_ \/ _` | \ \ \ \
 \\/  ___)| |_)| | | | | || (_| |  ) ) ) )
  '  |____| .__|_| |_|_| |_\__, | / / / /
 =========|_|==============|___/=/_/_/_/
 :: Spring Boot ::                (v2.6.1)

2021-12-21 20:12:51.924  INFO 81828 --- [    Test worker] c.k.c.GreetingControllerUnitTest         : Starting GreetingControllerUnitTest using Java 11.0.9 on C02W3AW9HTD6 with PID 81828 (started by z001qgd in /Users/z001qgd/Dilip/code-with-dilip/kotlin-springboot/course-catalog-service)
2021-12-21 20:12:51.924  INFO 81828 --- [    Test worker] c.k.c.GreetingControllerUnitTest         : No active profile set, falling back to default profiles: default
2021-12-21 20:12:52.422  INFO 81828 --- [    Test worker] o.s.b.t.m.w.SpringBootMockServletContext : Initializing Spring TestDispatcherServlet ''
2021-12-21 20:12:52.423  INFO 81828 --- [    Test worker] o.s.t.web.servlet.TestDispatcherServlet  : Initializing Servlet ''
2021-12-21 20:12:52.424  INFO 81828 --- [    Test worker] o.s.t.web.servlet.TestDispatcherServlet  : Completed initialization in 1 ms
2021-12-21 20:12:52.445  INFO 81828 --- [    Test worker] c.k.c.GreetingControllerUnitTest         : Started GreetingControllerUnitTest in 0.544 seconds (JVM running for 14.604)
]]></system-out>
  <system-err><![CDATA[]]></system-err>
</testsuite>
