<?xml version="1.0" encoding="UTF-8"?>
<testsuite name="com.kotlinspring.controller.GreetingControllerIntgTest" tests="1" skipped="0" failures="0" errors="0" timestamp="2021-12-22T02:12:52" hostname="C02W3AW9HTD6" time="0.031">
  <properties/>
  <testcase name="retrieveGreeting()" classname="com.kotlinspring.controller.GreetingControllerIntgTest" time="0.031"/>
  <system-out><![CDATA[2021-12-21 20:12:52.471  INFO 81828 --- [    Test worker] .b.t.c.SpringBootTestContextBootstrapper : Neither @ContextConfiguration nor @ContextHierarchy found for test class [com.kotlinspring.controller.GreetingControllerIntgTest], using SpringBootContextLoader
2021-12-21 20:12:52.472  INFO 81828 --- [    Test worker] o.s.t.c.support.AbstractContextLoader    : Could not detect default resource locations for test class [com.kotlinspring.controller.GreetingControllerIntgTest]: no resource found for suffixes {-context.xml, Context.groovy}.
2021-12-21 20:12:52.472  INFO 81828 --- [    Test worker] t.c.s.AnnotationConfigContextLoaderUtils : Could not detect default configuration classes for test class [com.kotlinspring.controller.GreetingControllerIntgTest]: GreetingControllerIntgTest does not declare any static, non-private, non-final, nested classes annotated with @Configuration.
2021-12-21 20:12:52.477  INFO 81828 --- [    Test worker] .b.t.c.SpringBootTestContextBootstrapper : Found @SpringBootConfiguration com.kotlinspring.CourseCatalogServiceApplication for test class com.kotlinspring.controller.GreetingControllerIntgTest
2021-12-21 20:12:52.478  INFO 81828 --- [    Test worker] .b.t.c.SpringBootTestContextBootstrapper : Loaded default TestExecutionListener class names from location [META-INF/spring.factories]: [com.ninjasquad.springmockk.MockkTestExecutionListener, com.ninjasquad.springmockk.ClearMocksTestExecutionListener, org.springframework.boot.test.autoconfigure.restdocs.RestDocsTestExecutionListener, org.springframework.boot.test.autoconfigure.web.client.MockRestServiceServerResetTestExecutionListener, org.springframework.boot.test.autoconfigure.web.servlet.MockMvcPrintOnlyOnFailureTestExecutionListener, org.springframework.boot.test.autoconfigure.web.servlet.WebDriverTestExecutionListener, org.springframework.boot.test.autoconfigure.webservices.client.MockWebServiceServerTestExecutionListener, org.springframework.boot.test.mock.mockito.MockitoTestExecutionListener, org.springframework.boot.test.mock.mockito.ResetMocksTestExecutionListener, org.springframework.test.context.web.ServletTestExecutionListener, org.springframework.test.context.support.DirtiesContextBeforeModesTestExecutionListener, org.springframework.test.context.event.ApplicationEventsTestExecutionListener, org.springframework.test.context.support.DependencyInjectionTestExecutionListener, org.springframework.test.context.support.DirtiesContextTestExecutionListener, org.springframework.test.context.transaction.TransactionalTestExecutionListener, org.springframework.test.context.jdbc.SqlScriptsTestExecutionListener, org.springframework.test.context.event.EventPublishingTestExecutionListener]
2021-12-21 20:12:52.479  INFO 81828 --- [    Test worker] .b.t.c.SpringBootTestContextBootstrapper : Using TestExecutionListeners: [org.springframework.test.context.web.ServletTestExecutionListener@748dc0a8, org.springframework.test.context.support.DirtiesContextBeforeModesTestExecutionListener@2d32b699, org.springframework.test.context.event.ApplicationEventsTestExecutionListener@5e5e10a8, com.ninjasquad.springmockk.MockkTestExecutionListener@57178510, org.springframework.boot.test.mock.mockito.MockitoTestExecutionListener@4d8587da, org.springframework.boot.test.autoconfigure.SpringBootDependencyInjectionTestExecutionListener@75bb768d, org.springframework.test.context.support.DirtiesContextTestExecutionListener@5b4ee3c2, org.springframework.test.context.transaction.TransactionalTestExecutionListener@309ac2be, org.springframework.test.context.jdbc.SqlScriptsTestExecutionListener@51402820, org.springframework.test.context.event.EventPublishingTestExecutionListener@7f61339b, com.ninjasquad.springmockk.ClearMocksTestExecutionListener@539d9f46, org.springframework.boot.test.autoconfigure.restdocs.RestDocsTestExecutionListener@35f438b9, org.springframework.boot.test.autoconfigure.web.client.MockRestServiceServerResetTestExecutionListener@65a5170f, org.springframework.boot.test.autoconfigure.web.servlet.MockMvcPrintOnlyOnFailureTestExecutionListener@132e0dcb, org.springframework.boot.test.autoconfigure.web.servlet.WebDriverTestExecutionListener@2c76c747, org.springframework.boot.test.autoconfigure.webservices.client.MockWebServiceServerTestExecutionListener@38d30380, org.springframework.boot.test.mock.mockito.ResetMocksTestExecutionListener@758366fa]
]]></system-out>
  <system-err><![CDATA[]]></system-err>
</testsuite>
